<?xml version="1.0" encoding="UTF-8"?>
<testsuite name="com.vibe.gradle.host.IpcProtocolTest" tests="4" skipped="0" failures="0" errors="0" timestamp="2026-04-18T10:55:27.412Z" hostname="daqingkaideMac-mini.local" time="0.04">
  <properties/>
  <testcase name="roundtrip RunBuild request with defaults" classname="com.vibe.gradle.host.IpcProtocolTest" time="0.034"/>
  <testcase name="roundtrip BuildFinish event with null failure" classname="com.vibe.gradle.host.IpcProtocolTest" time="0.003"/>
  <testcase name="roundtrip Ping request" classname="com.vibe.gradle.host.IpcProtocolTest" time="0.0"/>
  <testcase name="all event subtypes roundtrip" classname="com.vibe.gradle.host.IpcProtocolTest" time="0.001"/>
  <system-out><![CDATA[]]></system-out>
  <system-err><![CDATA[]]></system-err>
</testsuite>
